<?xml version="1.0" encoding="UTF-8"?>
<robot generator="Robot 6.1.1 (Python 3.8.2 on win32)" generated="20231018 19:21:47.667" rpa="false" schemaversion="4">
<suite id="s1" name="YahooFinanceTest" source="C:\Users\acer\PycharmProjects\RobotFrameWork-Test\Testcases\YahooFinanceTest.robot">
<test id="s1-t1" name="Create Yahoo Finance Account" line="15">
<kw name="Yahoo Finance Page Signup" library="YahooFinancePageKeywords">
<kw name="Open Yahoo Finance" library="YahooFinancePageKeywords">
<arg>${URL}</arg>
<arg>${browser}</arg>
<kw name="Open Browser" library="SeleniumLibrary">
<arg>${URL}</arg>
<arg>${browser}</arg>
<doc>Opens a new browser instance to the optional ``url``.</doc>
<msg timestamp="20231018 19:21:47.905" level="INFO">Opening browser 'chrome' to base url 'https://finance.yahoo.com/'.</msg>
<msg timestamp="20231018 19:21:48.961" level="WARN">The chromedriver version (117.0.5938.92) detected in PATH at C:\Program Files\Python38\Scripts\chromedriver.exe might not be compatible with the detected chrome version (118.0.5993.71); currently, chromedriver 118.0.5993.70 is recommended for chrome 118.*, so it is advised to delete the driver in PATH and retry</msg>
<status status="PASS" starttime="20231018 19:21:47.905" endtime="20231018 19:22:17.286"/>
</kw>
<kw name="Maximize Browser Window" library="SeleniumLibrary">
<doc>Maximizes current browser window.</doc>
<status status="PASS" starttime="20231018 19:22:17.286" endtime="20231018 19:22:17.431"/>
</kw>
<status status="PASS" starttime="20231018 19:21:47.905" endtime="20231018 19:22:17.431"/>
</kw>
<kw name="Wait Until Element Is Visible" library="SeleniumLibrary">
<arg>${link_signIn}</arg>
<doc>Waits until the element ``locator`` is visible.</doc>
<status status="PASS" starttime="20231018 19:22:17.431" endtime="20231018 19:22:17.515"/>
</kw>
<kw name="Click Sign In Link" library="YahooFinancePageKeywords">
<kw name="Click Link" library="SeleniumLibrary">
<arg>${link_signIn}</arg>
<doc>Clicks a link identified by ``locator``.</doc>
<msg timestamp="20231018 19:22:17.523" level="INFO">Clicking link 'xpath://a[@id='header-signin-link']'.</msg>
<status status="PASS" starttime="20231018 19:22:17.515" endtime="20231018 19:22:21.600"/>
</kw>
<status status="PASS" starttime="20231018 19:22:17.515" endtime="20231018 19:22:21.600"/>
</kw>
<kw name="Wait Until Element Is Visible" library="SeleniumLibrary">
<arg>${btn_createacc}</arg>
<doc>Waits until the element ``locator`` is visible.</doc>
<status status="PASS" starttime="20231018 19:22:21.600" endtime="20231018 19:22:21.643"/>
</kw>
<kw name="Click Create an Account Link" library="YahooFinancePageKeywords">
<kw name="Click Link" library="SeleniumLibrary">
<arg>${btn_createacc}</arg>
<doc>Clicks a link identified by ``locator``.</doc>
<msg timestamp="20231018 19:22:21.643" level="INFO">Clicking link 'id:createacc'.</msg>
<status status="PASS" starttime="20231018 19:22:21.643" endtime="20231018 19:22:22.581"/>
</kw>
<status status="PASS" starttime="20231018 19:22:21.643" endtime="20231018 19:22:22.581"/>
</kw>
<kw name="Wait Until Page Contains Element" library="SeleniumLibrary">
<arg>${dob_month}</arg>
<doc>Waits until the element ``locator`` appears on the current page.</doc>
<status status="PASS" starttime="20231018 19:22:22.581" endtime="20231018 19:22:22.604"/>
</kw>
<kw name="Fill Registration Form" library="YahooFinancePageKeywords">
<arg>${FIRST_NAME}</arg>
<arg>${LAST_NAME}</arg>
<arg>${EMAIL}</arg>
<arg>${PASSWORD}</arg>
<arg>${DOB_MON}</arg>
<arg>${DOB_DA}</arg>
<arg>${DOB_YR}</arg>
<kw name="Input Text" library="SeleniumLibrary">
<arg>${txt_firstName}</arg>
<arg>${FIRST_NAME}</arg>
<doc>Types the given ``text`` into the text field identified by ``locator``.</doc>
<msg timestamp="20231018 19:22:22.604" level="INFO">Typing text 'TAN' into text field 'id:usernamereg-firstName'.</msg>
<status status="PASS" starttime="20231018 19:22:22.604" endtime="20231018 19:22:22.839"/>
</kw>
<kw name="Input Text" library="SeleniumLibrary">
<arg>${txt_lastName}</arg>
<arg>${LAST_NAME}</arg>
<doc>Types the given ``text`` into the text field identified by ``locator``.</doc>
<msg timestamp="20231018 19:22:22.839" level="INFO">Typing text 'ZAN' into text field 'id:usernamereg-lastName'.</msg>
<status status="PASS" starttime="20231018 19:22:22.839" endtime="20231018 19:22:23.132"/>
</kw>
<kw name="Input Text" library="SeleniumLibrary">
<arg>${txt_emailuserId}</arg>
<arg>${EMAIL}</arg>
<doc>Types the given ``text`` into the text field identified by ``locator``.</doc>
<msg timestamp="20231018 19:22:23.132" level="INFO">Typing text 'ten_2337' into text field 'name:userId'.</msg>
<status status="PASS" starttime="20231018 19:22:23.132" endtime="20231018 19:22:23.417"/>
</kw>
<kw name="Input Text" library="SeleniumLibrary">
<arg>${txt_password}</arg>
<arg>${PASSWORD}</arg>
<doc>Types the given ``text`` into the text field identified by ``locator``.</doc>
<msg timestamp="20231018 19:22:23.417" level="INFO">Typing text 'Querty#678' into text field 'id:usernamereg-password'.</msg>
<status status="PASS" starttime="20231018 19:22:23.417" endtime="20231018 19:22:23.669"/>
</kw>
<kw name="Select From List By Label" library="SeleniumLibrary">
<arg>${dob_month}</arg>
<arg>${DOB_MON}</arg>
<doc>Selects options from selection list ``locator`` by ``labels``.</doc>
<msg timestamp="20231018 19:22:23.673" level="INFO">Selecting options from selection list 'id:usernamereg-month' by label January.</msg>
<status status="PASS" starttime="20231018 19:22:23.669" endtime="20231018 19:22:23.843"/>
</kw>
<kw name="Input Text" library="SeleniumLibrary">
<arg>${dob_day}</arg>
<arg>${DOB_DA}</arg>
<doc>Types the given ``text`` into the text field identified by ``locator``.</doc>
<msg timestamp="20231018 19:22:23.845" level="INFO">Typing text '21' into text field 'id:usernamereg-day'.</msg>
<status status="PASS" starttime="20231018 19:22:23.843" endtime="20231018 19:22:24.061"/>
</kw>
<kw name="Input Text" library="SeleniumLibrary">
<arg>${dob_year}</arg>
<arg>${DOB_YR}</arg>
<doc>Types the given ``text`` into the text field identified by ``locator``.</doc>
<msg timestamp="20231018 19:22:24.061" level="INFO">Typing text '1989' into text field 'id:usernamereg-year'.</msg>
<status status="PASS" starttime="20231018 19:22:24.061" endtime="20231018 19:22:24.310"/>
</kw>
<status status="PASS" starttime="20231018 19:22:22.604" endtime="20231018 19:22:24.310"/>
</kw>
<kw name="Sleep" library="BuiltIn">
<arg>5s</arg>
<doc>Pauses the test executed for the given time.</doc>
<msg timestamp="20231018 19:22:29.382" level="INFO">Slept 5 seconds</msg>
<status status="PASS" starttime="20231018 19:22:24.310" endtime="20231018 19:22:29.382"/>
</kw>
<kw name="Submit Registration Form" library="YahooFinancePageKeywords">
<kw name="Click Button" library="SeleniumLibrary">
<arg>${btn_continue}</arg>
<doc>Clicks the button identified by ``locator``.</doc>
<msg timestamp="20231018 19:22:29.382" level="INFO">Clicking button 'id:reg-submit-button'.</msg>
<status status="PASS" starttime="20231018 19:22:29.382" endtime="20231018 19:22:31.517"/>
</kw>
<status status="PASS" starttime="20231018 19:22:29.382" endtime="20231018 19:22:31.517"/>
</kw>
<kw name="Sleep" library="BuiltIn">
<arg>5s</arg>
<doc>Pauses the test executed for the given time.</doc>
<msg timestamp="20231018 19:22:36.521" level="INFO">Slept 5 seconds</msg>
<status status="PASS" starttime="20231018 19:22:31.517" endtime="20231018 19:22:36.521"/>
</kw>
<kw name="Mobile Verification" library="YahooFinancePageKeywords">
<arg>${MOBILE_NUM}</arg>
<kw name="Input Text" library="SeleniumLibrary">
<arg>${txt_mobilenumber}</arg>
<arg>${MOBILE_NUM}</arg>
<doc>Types the given ``text`` into the text field identified by ``locator``.</doc>
<msg timestamp="20231018 19:22:36.521" level="INFO">Typing text '9898989898' into text field 'id:usernamereg-phone'.</msg>
<status status="PASS" starttime="20231018 19:22:36.521" endtime="20231018 19:22:36.652"/>
</kw>
<kw name="Click Button" library="SeleniumLibrary">
<arg>${btn_sendcode}</arg>
<doc>Clicks the button identified by ``locator``.</doc>
<msg timestamp="20231018 19:22:36.652" level="INFO">Clicking button 'id:reg-submit-button'.</msg>
<status status="PASS" starttime="20231018 19:22:36.652" endtime="20231018 19:22:37.725"/>
</kw>
<status status="PASS" starttime="20231018 19:22:36.521" endtime="20231018 19:22:37.725"/>
</kw>
<kw name="Sleep" library="BuiltIn">
<arg>5s</arg>
<doc>Pauses the test executed for the given time.</doc>
<msg timestamp="20231018 19:22:42.730" level="INFO">Slept 5 seconds</msg>
<status status="PASS" starttime="20231018 19:22:37.725" endtime="20231018 19:22:42.730"/>
</kw>
<kw name="Get Text" library="SeleniumLibrary">
<var>${actual_Text}</var>
<arg>${txt_errormsg}</arg>
<doc>Returns the text value of the element identified by ``locator``.</doc>
<msg timestamp="20231018 19:22:42.770" level="INFO">${actual_Text} = There are already accounts associated with this phone number. Please use a different one.</msg>
<status status="PASS" starttime="20231018 19:22:42.730" endtime="20231018 19:22:42.770"/>
</kw>
<kw name="Should Contain" library="BuiltIn">
<arg>${actual_Text}</arg>
<arg>There are already accounts associated with this phone number. Please use a different one.</arg>
<doc>Fails if ``container`` does not contain ``item`` one or more times.</doc>
<status status="PASS" starttime="20231018 19:22:42.770" endtime="20231018 19:22:42.770"/>
</kw>
<status status="PASS" starttime="20231018 19:21:47.905" endtime="20231018 19:22:42.770"/>
</kw>
<status status="PASS" starttime="20231018 19:21:47.905" endtime="20231018 19:22:42.770"/>
</test>
<status status="PASS" starttime="20231018 19:21:47.679" endtime="20231018 19:22:42.770"/>
</suite>
<statistics>
<total>
<stat pass="1" fail="0" skip="0">All Tests</stat>
</total>
<tag>
</tag>
<suite>
<stat pass="1" fail="0" skip="0" id="s1" name="YahooFinanceTest">YahooFinanceTest</stat>
</suite>
</statistics>
<errors>
<msg timestamp="20231018 19:21:47.905" level="ERROR">Error in file 'C:\Users\acer\PycharmProjects\RobotFrameWork-Test\YahooPageResource\YahooFinancePageKeywords.robot' on line 4: Error in file 'C:\Users\acer\PycharmProjects\RobotFrameWork-Test\Testcases\YahooFinanceTest.robot' on line 14: Resource file with 'Test Cases' section is invalid.</msg>
<msg timestamp="20231018 19:21:48.961" level="WARN">The chromedriver version (117.0.5938.92) detected in PATH at C:\Program Files\Python38\Scripts\chromedriver.exe might not be compatible with the detected chrome version (118.0.5993.71); currently, chromedriver 118.0.5993.70 is recommended for chrome 118.*, so it is advised to delete the driver in PATH and retry</msg>
</errors>
</robot>
